Using pre-set license
Built from '2021.1/staging' branch; Version is '2021.1.24f1 (6667702a1e7c) revision 6711152'; Using compiler version '192528614'; Build Type 'Release'
OS: 'Windows 10 Home; OS build 19042.1237; Version 2009; 64bit' Language: 'en' Physical Memory: 12108 MB
BatchMode: 1, IsHumanControllingUs: 0, StartBugReporterOnCrash: 0, Is64bit: 1, IsPro: 0

COMMAND LINE ARGUMENTS:
C:\Program Files\Unity\Hub\Editor\2021.1.24f1\Editor\Unity.exe
-adb2
-batchMode
-noUpm
-name
AssetImportWorker0
-projectPath
C:/Delivery Game
-logFile
Logs/AssetImportWorker0.log
-srvPort
63602
Successfully changed project path to: C:/Delivery Game
C:/Delivery Game
Using Asset Import Pipeline V2.
Refreshing native plugins compatible for Editor in 435.85 ms, found 4 plugins.
Preloading 0 native plugins for Editor in 0.00 ms.
Initialize engine version: 2021.1.24f1 (6667702a1e7c)
[Subsystems] Discovering subsystems at path C:/Program Files/Unity/Hub/Editor/2021.1.24f1/Editor/Data/Resources/UnitySubsystems
[Subsystems] Discovering subsystems at path C:/Delivery Game/Assets
GfxDevice: creating device client; threaded=0; jobified=0
Direct3D:
    Version:  Direct3D 11.0 [level 11.1]
    Renderer: Intel(R) HD Graphics 520 (ID=0x1916)
    Vendor:   Intel
    VRAM:     6054 MB
    Driver:   27.20.100.8681
Initialize mono
Mono path[0] = 'C:/Program Files/Unity/Hub/Editor/2021.1.24f1/Editor/Data/Managed'
Mono path[1] = 'C:/Program Files/Unity/Hub/Editor/2021.1.24f1/Editor/Data/MonoBleedingEdge/lib/mono/unityjit'
Mono config path = 'C:/Program Files/Unity/Hub/Editor/2021.1.24f1/Editor/Data/MonoBleedingEdge/etc'
Using monoOptions --debugger-agent=transport=dt_socket,embedding=1,server=y,suspend=n,address=127.0.0.1:56608
Begin MonoManager ReloadAssembly
Registering precompiled unity dll's ...
Register platform support module: C:/Program Files/Unity/Hub/Editor/2021.1.24f1/Editor/Data/PlaybackEngines/WebGLSupport/UnityEditor.WebGL.Extensions.dll
Register platform support module: C:/Program Files/Unity/Hub/Editor/2021.1.24f1/Editor/Data/PlaybackEngines/WindowsStandaloneSupport/UnityEditor.WindowsStandalone.Extensions.dll
Registered in 0.006628 seconds.
Native extension for WindowsStandalone target not found
Native extension for WebGL target not found
Refreshing native plugins compatible for Editor in 267.67 ms, found 4 plugins.
Preloading 0 native plugins for Editor in 0.00 ms.
Mono: successfully reloaded assembly
- Completed reload, in  2.874 seconds
Domain Reload Profiling:
	ReloadAssembly (2876ms)
		BeginReloadAssembly (136ms)
			ExecutionOrderSort (0ms)
			DisableScriptedObjects (0ms)
			BackupInstance (0ms)
			ReleaseScriptingObjects (0ms)
			CreateAndSetChildDomain (1ms)
		EndReloadAssembly (1056ms)
			LoadAssemblies (129ms)
			RebuildTransferFunctionScriptingTraits (0ms)
			SetupTypeCache (270ms)
			ReleaseScriptCaches (0ms)
			RebuildScriptCaches (80ms)
			SetupLoadedEditorAssemblies (630ms)
				LogAssemblyErrors (0ms)
				InitializePlatformSupportModulesInManaged (29ms)
				SetLoadedEditorAssemblies (0ms)
				RefreshPlugins (270ms)
				BeforeProcessingInitializeOnLoad (4ms)
				ProcessInitializeOnLoadAttributes (267ms)
				ProcessInitializeOnLoadMethodAttributes (59ms)
				AfterProcessingInitializeOnLoad (0ms)
				EditorAssembliesLoaded (0ms)
			ExecutionOrderSort2 (0ms)
			AwakeInstancesAfterBackupRestoration (0ms)
Platform modules already initialized, skipping
Registering precompiled user dll's ...
Registered in 0.011175 seconds.
Begin MonoManager ReloadAssembly
Symbol file LoadedFromMemory doesn't match image C:\Delivery Game\Library\PackageCache\com.unity.visualscripting@1.6.1\Editor\VisualScripting.Core\Dependencies\YamlDotNet\Unity.VisualScripting.YamlDotNet.dll
Symbol file LoadedFromMemory doesn't match image C:\Delivery Game\Library\PackageCache\com.unity.visualscripting@1.6.1\Editor\VisualScripting.Core\Dependencies\DotNetZip\Unity.VisualScripting.IonicZip.dll
Native extension for WindowsStandalone target not found
Native extension for WebGL target not found
Refreshing native plugins compatible for Editor in 184.58 ms, found 4 plugins.
Preloading 0 native plugins for Editor in 0.00 ms.
Mono: successfully reloaded assembly
- Completed reload, in  2.290 seconds
Domain Reload Profiling:
	ReloadAssembly (2294ms)
		BeginReloadAssembly (275ms)
			ExecutionOrderSort (0ms)
			DisableScriptedObjects (7ms)
			BackupInstance (0ms)
			ReleaseScriptingObjects (0ms)
			CreateAndSetChildDomain (33ms)
		EndReloadAssembly (1912ms)
			LoadAssemblies (261ms)
			RebuildTransferFunctionScriptingTraits (0ms)
			SetupTypeCache (616ms)
			ReleaseScriptCaches (2ms)
			RebuildScriptCaches (89ms)
			SetupLoadedEditorAssemblies (801ms)
				LogAssemblyErrors (0ms)
				InitializePlatformSupportModulesInManaged (10ms)
				SetLoadedEditorAssemblies (0ms)
				RefreshPlugins (187ms)
				BeforeProcessingInitializeOnLoad (162ms)
				ProcessInitializeOnLoadAttributes (388ms)
				ProcessInitializeOnLoadMethodAttributes (34ms)
				AfterProcessingInitializeOnLoad (19ms)
				EditorAssembliesLoaded (0ms)
			ExecutionOrderSort2 (0ms)
			AwakeInstancesAfterBackupRestoration (11ms)
Platform modules already initialized, skipping
========================================================================
Worker process is ready to serve import requests
Launched and connected shader compiler UnityShaderCompiler.exe after 0.10 seconds
Refreshing native plugins compatible for Editor in 0.83 ms, found 4 plugins.
Preloading 0 native plugins for Editor in 0.00 ms.
Unloading 3680 Unused Serialized files (Serialized files now loaded: 0)
System memory in use before: 136.5 MB.
System memory in use after: 136.7 MB.

Unloading 30 unused Assets to reduce memory usage. Loaded Objects now: 4130.
Total: 12.584200 ms (FindLiveObjects: 0.621900 ms CreateObjectMapping: 0.363100 ms MarkObjects: 11.476600 ms  DeleteObjects: 0.118600 ms)

AssetImportParameters requested are different than current active one (requested -> active):
  custom:framework-win-MediaFoundation: 216162199b28c13a410421893ffa2e32 -> 
  custom:video-decoder-ogg-theora: a1e56fd34408186e4bbccfd4996cb3dc -> 
  custom:container-muxer-webm: aa71ff27fc2769a1b78a27578f13a17b -> 
  custom:container-demuxer-webm: 4f35f7cbe854078d1ac9338744f61a02 -> 
  custom:container-demuxer-ogg: 62fdf1f143b41e24485cea50d1cbac27 -> 
  custom:video-encoder-webm-vp8: eb34c28f22e8b96e1ab97ce403110664 -> 
  custom:video-decoder-webm-vp8: 9c59270c3fd7afecdb556c50c9e8de78 -> 
  custom:audio-decoder-ogg-vorbis: bf7c407c2cedff20999df2af8eb42d56 -> 
  custom:audio-encoder-webm-vorbis: bf7c407c2cedff20999df2af8eb42d56 -> 
========================================================================
Received Import Request.
  path: Assets/Collision.cs
  artifactKey: Guid(f74cc98da151ef04caa4da0bcc750935) Importer(815301076,1909f56bfc062723c751e8b465ee728b)
Start importing Assets/Collision.cs using Guid(f74cc98da151ef04caa4da0bcc750935) Importer(815301076,1909f56bfc062723c751e8b465ee728b)  -> (artifact id: 'ef5eae36a6417c181a8d114769b73dc9') in 0.081885 seconds 
========================================================================
Received Prepare
Registering precompiled user dll's ...
Registered in 0.046714 seconds.
Begin MonoManager ReloadAssembly
Symbol file LoadedFromMemory doesn't match image C:\Delivery Game\Library\PackageCache\com.unity.visualscripting@1.6.1\Editor\VisualScripting.Core\Dependencies\YamlDotNet\Unity.VisualScripting.YamlDotNet.dll
Symbol file LoadedFromMemory doesn't match image C:\Delivery Game\Library\PackageCache\com.unity.visualscripting@1.6.1\Editor\VisualScripting.Core\Dependencies\DotNetZip\Unity.VisualScripting.IonicZip.dll
Native extension for WindowsStandalone target not found
Native extension for WebGL target not found
Refreshing native plugins compatible for Editor in 0.95 ms, found 4 plugins.
Preloading 0 native plugins for Editor in 0.00 ms.
Mono: successfully reloaded assembly
- Completed reload, in  1.977 seconds
Domain Reload Profiling:
	ReloadAssembly (1978ms)
		BeginReloadAssembly (209ms)
			ExecutionOrderSort (0ms)
			DisableScriptedObjects (10ms)
			BackupInstance (0ms)
			ReleaseScriptingObjects (0ms)
			CreateAndSetChildDomain (63ms)
		EndReloadAssembly (1655ms)
			LoadAssemblies (175ms)
			RebuildTransferFunctionScriptingTraits (0ms)
			SetupTypeCache (636ms)
			ReleaseScriptCaches (5ms)
			RebuildScriptCaches (76ms)
			SetupLoadedEditorAssemblies (576ms)
				LogAssemblyErrors (0ms)
				InitializePlatformSupportModulesInManaged (13ms)
				SetLoadedEditorAssemblies (1ms)
				RefreshPlugins (1ms)
				BeforeProcessingInitializeOnLoad (125ms)
				ProcessInitializeOnLoadAttributes (392ms)
				ProcessInitializeOnLoadMethodAttributes (18ms)
				AfterProcessingInitializeOnLoad (26ms)
				EditorAssembliesLoaded (0ms)
			ExecutionOrderSort2 (0ms)
			AwakeInstancesAfterBackupRestoration (20ms)
Platform modules already initialized, skipping
Refreshing native plugins compatible for Editor in 0.88 ms, found 4 plugins.
Preloading 0 native plugins for Editor in 0.00 ms.
Unloading 3670 Unused Serialized files (Serialized files now loaded: 0)
System memory in use before: 136.0 MB.
System memory in use after: 136.3 MB.

Unloading 18 unused Assets to reduce memory usage. Loaded Objects now: 4133.
Total: 7.993900 ms (FindLiveObjects: 0.458400 ms CreateObjectMapping: 0.261200 ms MarkObjects: 7.238100 ms  DeleteObjects: 0.034800 ms)

AssetImportParameters requested are different than current active one (requested -> active):
  custom:framework-win-MediaFoundation: 216162199b28c13a410421893ffa2e32 -> 
  custom:video-decoder-ogg-theora: a1e56fd34408186e4bbccfd4996cb3dc -> 
  custom:container-muxer-webm: aa71ff27fc2769a1b78a27578f13a17b -> 
  custom:container-demuxer-webm: 4f35f7cbe854078d1ac9338744f61a02 -> 
  custom:container-demuxer-ogg: 62fdf1f143b41e24485cea50d1cbac27 -> 
  custom:video-encoder-webm-vp8: eb34c28f22e8b96e1ab97ce403110664 -> 
  custom:video-decoder-webm-vp8: 9c59270c3fd7afecdb556c50c9e8de78 -> 
  custom:audio-decoder-ogg-vorbis: bf7c407c2cedff20999df2af8eb42d56 -> 
  custom:audio-encoder-webm-vorbis: bf7c407c2cedff20999df2af8eb42d56 -> 
========================================================================
Received Import Request.
  Time since last request: 377.334707 seconds.
  path: Assets/Delivery Driver Assets
  artifactKey: Guid(c64418fa6267b9f408fddf15795a520f) Importer(815301076,1909f56bfc062723c751e8b465ee728b)
Start importing Assets/Delivery Driver Assets using Guid(c64418fa6267b9f408fddf15795a520f) Importer(815301076,1909f56bfc062723c751e8b465ee728b)  -> (artifact id: '9851fadb27aa8f06339abcfebef98e82') in 0.019629 seconds 
========================================================================
Received Import Request.
  Time since last request: 0.056911 seconds.
  path: Assets/Delivery Driver Assets/Bridge.png
  artifactKey: Guid(85098d6b32fc43c4f94500f14b26099e) Importer(815301076,1909f56bfc062723c751e8b465ee728b)
Start importing Assets/Delivery Driver Assets/Bridge.png using Guid(85098d6b32fc43c4f94500f14b26099e) Importer(815301076,1909f56bfc062723c751e8b465ee728b)  -> (artifact id: '2d7d3807f7f61a266f172b775c690d4c') in 0.518402 seconds 
========================================================================
Received Import Request.
  Time since last request: 0.000643 seconds.
  path: Assets/Delivery Driver Assets/Car 1.png
  artifactKey: Guid(0976a9ac65418a84a923f7992bc403f3) Importer(815301076,1909f56bfc062723c751e8b465ee728b)
Start importing Assets/Delivery Driver Assets/Car 1.png using Guid(0976a9ac65418a84a923f7992bc403f3) Importer(815301076,1909f56bfc062723c751e8b465ee728b)  -> (artifact id: '74da20d3c09828918d92b0ab3eceec29') in 0.043142 seconds 
========================================================================
Received Import Request.
  Time since last request: 0.001445 seconds.
  path: Assets/Delivery Driver Assets/Tree 4.png
  artifactKey: Guid(c72396110ea71314e968b2e61ede4da0) Importer(815301076,1909f56bfc062723c751e8b465ee728b)
Start importing Assets/Delivery Driver Assets/Tree 4.png using Guid(c72396110ea71314e968b2e61ede4da0) Importer(815301076,1909f56bfc062723c751e8b465ee728b)  -> (artifact id: 'cf590fead207adc3dd9058eefe5b1a99') in 0.056120 seconds 
========================================================================
Received Import Request.
  Time since last request: 0.001386 seconds.
  path: Assets/Delivery Driver Assets/Road 3.png
  artifactKey: Guid(077c035adabe80541a53b1967a34615c) Importer(815301076,1909f56bfc062723c751e8b465ee728b)
Start importing Assets/Delivery Driver Assets/Road 3.png using Guid(077c035adabe80541a53b1967a34615c) Importer(815301076,1909f56bfc062723c751e8b465ee728b)  -> (artifact id: 'af0421a71080215ff11518b00c997a4f') in 0.051064 seconds 
========================================================================
Received Import Request.
  Time since last request: 0.000979 seconds.
  path: Assets/Delivery Driver Assets/House 1.png
  artifactKey: Guid(b45a3e98c2192db4b96ccdbec10d95bb) Importer(815301076,1909f56bfc062723c751e8b465ee728b)
Start importing Assets/Delivery Driver Assets/House 1.png using Guid(b45a3e98c2192db4b96ccdbec10d95bb) Importer(815301076,1909f56bfc062723c751e8b465ee728b)  -> (artifact id: 'e06845b670ffbe7773c0a1525da590e3') in 0.043705 seconds 
========================================================================
Received Import Request.
  Time since last request: 0.000803 seconds.
  path: Assets/Delivery Driver Assets/Intersection 2.png
  artifactKey: Guid(95b85b8ac64a2cf4aa2325f0f0b8c496) Importer(815301076,1909f56bfc062723c751e8b465ee728b)
Start importing Assets/Delivery Driver Assets/Intersection 2.png using Guid(95b85b8ac64a2cf4aa2325f0f0b8c496) Importer(815301076,1909f56bfc062723c751e8b465ee728b)  -> (artifact id: '64aee941efb375e84790fe7276e1c9f2') in 0.188010 seconds 
========================================================================
Received Import Request.
  Time since last request: 0.002579 seconds.
  path: Assets/Delivery Driver Assets/Corner 3.png
  artifactKey: Guid(66585287c2488004399ba842f8ddb354) Importer(815301076,1909f56bfc062723c751e8b465ee728b)
Start importing Assets/Delivery Driver Assets/Corner 3.png using Guid(66585287c2488004399ba842f8ddb354) Importer(815301076,1909f56bfc062723c751e8b465ee728b)  -> (artifact id: '5bbef8cd110e24599ffaef9530ffb997') in 0.065743 seconds 
========================================================================
Received Import Request.
  Time since last request: 0.002090 seconds.
  path: Assets/Delivery Driver Assets/Corner 1.png
  artifactKey: Guid(567889c1572b9a54c9e188bf50c565de) Importer(815301076,1909f56bfc062723c751e8b465ee728b)
Start importing Assets/Delivery Driver Assets/Corner 1.png using Guid(567889c1572b9a54c9e188bf50c565de) Importer(815301076,1909f56bfc062723c751e8b465ee728b)  -> (artifact id: 'd0c41e4459133d44b24a4e3bf8bba748') in 0.127070 seconds 
========================================================================
Received Import Request.
  Time since last request: 0.003030 seconds.
  path: Assets/Delivery Driver Assets/Curve 2.png
  artifactKey: Guid(c957419e730cbcd4cb8230501d972caf) Importer(815301076,1909f56bfc062723c751e8b465ee728b)
Start importing Assets/Delivery Driver Assets/Curve 2.png using Guid(c957419e730cbcd4cb8230501d972caf) Importer(815301076,1909f56bfc062723c751e8b465ee728b)  -> (artifact id: '918de01a1a4eb4b5dd296c5b82892c8d') in 0.118655 seconds 
========================================================================
Received Import Request.
  Time since last request: 0.001153 seconds.
  path: Assets/Delivery Driver Assets/House 3.png
  artifactKey: Guid(2277903a1425939418848a2ecf8ca7bb) Importer(815301076,1909f56bfc062723c751e8b465ee728b)
Start importing Assets/Delivery Driver Assets/House 3.png using Guid(2277903a1425939418848a2ecf8ca7bb) Importer(815301076,1909f56bfc062723c751e8b465ee728b)  -> (artifact id: '961d44a6b18538f29c7195c51582a21e') in 0.082751 seconds 
========================================================================
Received Import Request.
  Time since last request: 0.000878 seconds.
  path: Assets/Delivery Driver Assets/Road 4.png
  artifactKey: Guid(dfd6bfa7e57eb894686584b8baa99c8b) Importer(815301076,1909f56bfc062723c751e8b465ee728b)
Start importing Assets/Delivery Driver Assets/Road 4.png using Guid(dfd6bfa7e57eb894686584b8baa99c8b) Importer(815301076,1909f56bfc062723c751e8b465ee728b)  -> (artifact id: '103c3a14d43429680898364e8f98ffa0') in 0.100066 seconds 
========================================================================
Received Import Request.
  Time since last request: 0.003840 seconds.
  path: Assets/Delivery Driver Assets/Road 2.png
  artifactKey: Guid(e68f3d14c38d2ec46bde9d3415b9fba7) Importer(815301076,1909f56bfc062723c751e8b465ee728b)
Start importing Assets/Delivery Driver Assets/Road 2.png using Guid(e68f3d14c38d2ec46bde9d3415b9fba7) Importer(815301076,1909f56bfc062723c751e8b465ee728b)  -> (artifact id: '530496dc3713cd26d6e7b0cf82a133da') in 0.118860 seconds 
========================================================================
Received Import Request.
  Time since last request: 0.001100 seconds.
  path: Assets/Delivery Driver Assets/Car 2.png
  artifactKey: Guid(de475be1a7c9d794cab1ffe389784e69) Importer(815301076,1909f56bfc062723c751e8b465ee728b)
Start importing Assets/Delivery Driver Assets/Car 2.png using Guid(de475be1a7c9d794cab1ffe389784e69) Importer(815301076,1909f56bfc062723c751e8b465ee728b)  -> (artifact id: 'da3079f2c9a9424784a9f52069caa32d') in 0.064163 seconds 
========================================================================
Received Import Request.
  Time since last request: 0.000670 seconds.
  path: Assets/Delivery Driver Assets/Tree 3.png
  artifactKey: Guid(9b69a14bdeca04749ba8412393ae2cd3) Importer(815301076,1909f56bfc062723c751e8b465ee728b)
Start importing Assets/Delivery Driver Assets/Tree 3.png using Guid(9b69a14bdeca04749ba8412393ae2cd3) Importer(815301076,1909f56bfc062723c751e8b465ee728b)  -> (artifact id: '6ec1f2348a6b669219f134ace3c6f582') in 0.069961 seconds 
========================================================================
Received Import Request.
  Time since last request: 0.001288 seconds.
  path: Assets/Delivery Driver Assets/Rocks 1.png
  artifactKey: Guid(77e3d80af3b85394c88be8e2eda9f0dc) Importer(815301076,1909f56bfc062723c751e8b465ee728b)
Start importing Assets/Delivery Driver Assets/Rocks 1.png using Guid(77e3d80af3b85394c88be8e2eda9f0dc) Importer(815301076,1909f56bfc062723c751e8b465ee728b)  -> (artifact id: '1a0c76a09ef9565a32d44e5c6b371d06') in 0.045677 seconds 
========================================================================
Received Import Request.
  Time since last request: 0.000827 seconds.
  path: Assets/Delivery Driver Assets/Tree 2.png
  artifactKey: Guid(a2e67988f8b5a6c4dab30b0c40764b79) Importer(815301076,1909f56bfc062723c751e8b465ee728b)
Start importing Assets/Delivery Driver Assets/Tree 2.png using Guid(a2e67988f8b5a6c4dab30b0c40764b79) Importer(815301076,1909f56bfc062723c751e8b465ee728b)  -> (artifact id: '731d704c45da05dec4cbdc59d8862031') in 0.043608 seconds 
========================================================================
Received Import Request.
  Time since last request: 0.000680 seconds.
  path: Assets/Delivery Driver Assets/House 2.png
  artifactKey: Guid(db9f0b914a09062489df376a03d09de3) Importer(815301076,1909f56bfc062723c751e8b465ee728b)
Start importing Assets/Delivery Driver Assets/House 2.png using Guid(db9f0b914a09062489df376a03d09de3) Importer(815301076,1909f56bfc062723c751e8b465ee728b)  -> (artifact id: '9a3814e3dec14317c0a64dee8d2a8be3') in 0.043315 seconds 
========================================================================
Received Import Request.
  Time since last request: 0.000689 seconds.
  path: Assets/Delivery Driver Assets/Corner 2.png
  artifactKey: Guid(5d4d2c3db38324240a9c3f84bf47a794) Importer(815301076,1909f56bfc062723c751e8b465ee728b)
Start importing Assets/Delivery Driver Assets/Corner 2.png using Guid(5d4d2c3db38324240a9c3f84bf47a794) Importer(815301076,1909f56bfc062723c751e8b465ee728b)  -> (artifact id: '796d380fed150f37f01da724cad058c5') in 0.047254 seconds 
========================================================================
Received Import Request.
  Time since last request: 0.000682 seconds.
  path: Assets/Delivery Driver Assets/Car 3.png
  artifactKey: Guid(5982c375006f2e346bb584283e5f6842) Importer(815301076,1909f56bfc062723c751e8b465ee728b)
Start importing Assets/Delivery Driver Assets/Car 3.png using Guid(5982c375006f2e346bb584283e5f6842) Importer(815301076,1909f56bfc062723c751e8b465ee728b)  -> (artifact id: '03bb28c7c056f255e5d46ca2f4cc987a') in 0.046148 seconds 
========================================================================
Received Import Request.
  Time since last request: 0.000844 seconds.
  path: Assets/Delivery Driver Assets/Tree 1.png
  artifactKey: Guid(336f0430d04efb74fa3e290836fc13f6) Importer(815301076,1909f56bfc062723c751e8b465ee728b)
Start importing Assets/Delivery Driver Assets/Tree 1.png using Guid(336f0430d04efb74fa3e290836fc13f6) Importer(815301076,1909f56bfc062723c751e8b465ee728b)  -> (artifact id: '5c5636ad479c1a87c094246ff2c54bbe') in 0.047231 seconds 
========================================================================
Received Import Request.
  Time since last request: 0.001253 seconds.
  path: Assets/Delivery Driver Assets/Road 1.png
  artifactKey: Guid(129d1391e7677d3489662335ffe127f3) Importer(815301076,1909f56bfc062723c751e8b465ee728b)
Start importing Assets/Delivery Driver Assets/Road 1.png using Guid(129d1391e7677d3489662335ffe127f3) Importer(815301076,1909f56bfc062723c751e8b465ee728b)  -> (artifact id: '3cb74467bf45de99ac72f88205b12c02') in 0.071512 seconds 
========================================================================
Received Import Request.
  Time since last request: 0.001015 seconds.
  path: Assets/Delivery Driver Assets/Corner 4.png
  artifactKey: Guid(f2c1c9577c5d6c74ea42838117ef0e90) Importer(815301076,1909f56bfc062723c751e8b465ee728b)
Start importing Assets/Delivery Driver Assets/Corner 4.png using Guid(f2c1c9577c5d6c74ea42838117ef0e90) Importer(815301076,1909f56bfc062723c751e8b465ee728b)  -> (artifact id: '1e1ea102a4389b0b4e08e8dc154f4ab2') in 0.054907 seconds 
========================================================================
Received Import Request.
  Time since last request: 0.001327 seconds.
  path: Assets/Delivery Driver Assets/Intersection 1.png
  artifactKey: Guid(aa351bdb630089241babebaeea9794a6) Importer(815301076,1909f56bfc062723c751e8b465ee728b)
Start importing Assets/Delivery Driver Assets/Intersection 1.png using Guid(aa351bdb630089241babebaeea9794a6) Importer(815301076,1909f56bfc062723c751e8b465ee728b)  -> (artifact id: 'c9e1f4a1da68037a7870bc1b10622f2d') in 0.073805 seconds 
========================================================================
Received Import Request.
  Time since last request: 0.000846 seconds.
  path: Assets/Delivery Driver Assets/Curve 1.png
  artifactKey: Guid(fbd40f31b230d164faf538a9ef265983) Importer(815301076,1909f56bfc062723c751e8b465ee728b)
Start importing Assets/Delivery Driver Assets/Curve 1.png using Guid(fbd40f31b230d164faf538a9ef265983) Importer(815301076,1909f56bfc062723c751e8b465ee728b)  -> (artifact id: '8d282679cb02c89090ab0f7420579808') in 0.064612 seconds 
========================================================================
Received Prepare
Registering precompiled user dll's ...
Registered in 0.130902 seconds.
Begin MonoManager ReloadAssembly
Symbol file LoadedFromMemory doesn't match image C:\Delivery Game\Library\PackageCache\com.unity.visualscripting@1.6.1\Editor\VisualScripting.Core\Dependencies\YamlDotNet\Unity.VisualScripting.YamlDotNet.dll
Symbol file LoadedFromMemory doesn't match image C:\Delivery Game\Library\PackageCache\com.unity.visualscripting@1.6.1\Editor\VisualScripting.Core\Dependencies\DotNetZip\Unity.VisualScripting.IonicZip.dll
Native extension for WindowsStandalone target not found
Native extension for WebGL target not found
Refreshing native plugins compatible for Editor in 0.84 ms, found 4 plugins.
Preloading 0 native plugins for Editor in 0.00 ms.
Mono: successfully reloaded assembly
- Completed reload, in  1.789 seconds
Domain Reload Profiling:
	ReloadAssembly (1790ms)
		BeginReloadAssembly (294ms)
			ExecutionOrderSort (0ms)
			DisableScriptedObjects (17ms)
			BackupInstance (0ms)
			ReleaseScriptingObjects (0ms)
			CreateAndSetChildDomain (95ms)
		EndReloadAssembly (1405ms)
			LoadAssemblies (178ms)
			RebuildTransferFunctionScriptingTraits (0ms)
			SetupTypeCache (501ms)
			ReleaseScriptCaches (2ms)
			RebuildScriptCaches (66ms)
			SetupLoadedEditorAssemblies (409ms)
				LogAssemblyErrors (0ms)
				InitializePlatformSupportModulesInManaged (8ms)
				SetLoadedEditorAssemblies (1ms)
				RefreshPlugins (1ms)
				BeforeProcessingInitializeOnLoad (95ms)
				ProcessInitializeOnLoadAttributes (277ms)
				ProcessInitializeOnLoadMethodAttributes (10ms)
				AfterProcessingInitializeOnLoad (15ms)
				EditorAssembliesLoaded (0ms)
			ExecutionOrderSort2 (0ms)
			AwakeInstancesAfterBackupRestoration (29ms)
Platform modules already initialized, skipping
Refreshing native plugins compatible for Editor in 1.24 ms, found 4 plugins.
Preloading 0 native plugins for Editor in 0.00 ms.
Unloading 3694 Unused Serialized files (Serialized files now loaded: 0)
System memory in use before: 221.1 MB.
System memory in use after: 221.4 MB.

Unloading 18 unused Assets to reduce memory usage. Loaded Objects now: 4536.
Total: 5.585100 ms (FindLiveObjects: 0.622500 ms CreateObjectMapping: 0.254900 ms MarkObjects: 4.639400 ms  DeleteObjects: 0.067000 ms)

AssetImportParameters requested are different than current active one (requested -> active):
  custom:framework-win-MediaFoundation: 216162199b28c13a410421893ffa2e32 -> 
  custom:video-decoder-ogg-theora: a1e56fd34408186e4bbccfd4996cb3dc -> 
  custom:container-muxer-webm: aa71ff27fc2769a1b78a27578f13a17b -> 
  custom:container-demuxer-webm: 4f35f7cbe854078d1ac9338744f61a02 -> 
  custom:container-demuxer-ogg: 62fdf1f143b41e24485cea50d1cbac27 -> 
  custom:video-encoder-webm-vp8: eb34c28f22e8b96e1ab97ce403110664 -> 
  custom:video-decoder-webm-vp8: 9c59270c3fd7afecdb556c50c9e8de78 -> 
  custom:audio-decoder-ogg-vorbis: bf7c407c2cedff20999df2af8eb42d56 -> 
  custom:audio-encoder-webm-vorbis: bf7c407c2cedff20999df2af8eb42d56 -> 
